C51 COMPILER V9.52.0.0   GPIO                                                              08/25/2025 16:17:13 PAGE 1   


C51 COMPILER V9.52.0.0, COMPILATION OF MODULE GPIO
OBJECT MODULE PLACED IN ..\Output\gpio.obj
COMPILER INVOKED BY: D:\APP\KEIL_V5\MDK\C51\BIN\C51.EXE ..\Core\Src\gpio.c LARGE OPTIMIZE(8,SPEED) BROWSE INCDIR(..\BSP\
                    -Inc;..\Core\Inc;..\Driver;..\Emembed\Inc;..\SYSTEM) DEBUG OBJECTEXTEND PRINT(.\Listings\gpio.lst) TABS(2) OBJECT(..\Outp
                    -ut\gpio.obj)

line level    source

   1          #include "gpio.h"
   2          
   3          void GPIO_Init( void )
   4          {
   5   1          P0MDOUT |= 0X10;
   6   1          P1MDOUT |= 0X80;
   7   1      }


MODULE INFORMATION:   STATIC OVERLAYABLE
   CODE SIZE        =      7    ----
   CONSTANT SIZE    =   ----    ----
   XDATA SIZE       =   ----    ----
   PDATA SIZE       =   ----    ----
   DATA SIZE        =   ----    ----
   IDATA SIZE       =   ----    ----
   BIT SIZE         =   ----    ----
END OF MODULE INFORMATION.


C51 COMPILATION COMPLETE.  0 WARNING(S),  0 ERROR(S)
