C51 COMPILER V9.60.7.0   MAIN                                                              08/24/2025 23:25:31 PAGE 1   


C51 COMPILER V9.60.7.0, COMPILATION OF MODULE MAIN
OBJECT MODULE PLACED IN ..\Output\main.obj
COMPILER INVOKED BY: D:\APP\KEIL\MDK\C51\BIN\C51.EXE main.c LARGE OPTIMIZE(8,SPEED) BROWSE INCDIR(..\BSP\Inc;..\Core\Inc
                    -;..\Driver;..\Emembed\Inc;..\SYSTEM) DEBUG OBJECTEXTEND PRINT(.\Listings\main.lst) TABS(2) OBJECT(..\Output\main.obj)

line level    source

   1          #include "main.h"
   2          
   3          void main()
   4          {
   5   1        sys_init();
   6   1        GPIO_Init();
   7   1      
   8   1        Uart2_Init(115200);
   9   1        Uart2_Send_Statu_Init();
  10   1      
  11   1        // Uart4_Init(115200);
  12   1        // Uart4_Send_Statu_Init();
  13   1      
  14   1        Tim0_Init();
  15   1        Tim1_Init();
  16   1        delay_ms(1000);
  17   1        LED = 1;
  18   1        //printf(" ===== code start ====== \r\n");
  19   1        while(1)
  20   1        {
  21   2          uart_frame_deal();
  22   2          Modbus_Event_Uart2();
  23   2        }
  24   1      }


MODULE INFORMATION:   STATIC OVERLAYABLE
   CODE SIZE        =     43    ----
   CONSTANT SIZE    =   ----    ----
   XDATA SIZE       =   ----    ----
   PDATA SIZE       =   ----    ----
   DATA SIZE        =   ----    ----
   IDATA SIZE       =   ----    ----
   BIT SIZE         =   ----    ----
END OF MODULE INFORMATION.


C51 COMPILATION COMPLETE.  0 WARNING(S),  0 ERROR(S)
