C51 COMPILER V9.60.7.0   MAIN                                                              08/21/2025 22:03:12 PAGE 1   


C51 COMPILER V9.60.7.0, COMPILATION OF MODULE MAIN
OBJECT MODULE PLACED IN ..\Output\main.obj
COMPILER INVOKED BY: D:\APP\KEIL\MDK\C51\BIN\C51.EXE main.c LARGE OMF2 OPTIMIZE(3,SIZE) BROWSE INCDIR(..\USER;..\HANDWAR
                    -E) DEBUG PRINT(.\Listings\main.lst) TABS(2) OBJECT(..\Output\main.obj)

line level    source

   1          #include "sys.h"
   2          #include "uart.h"
   3          
   4          void main()
   5          {
   6   1        sys_init();
   7   1        Uart2_Init(115200);
   8   1        Tim0_Init();
   9   1        p_flag = 0;
  10   1      
  11   1        while(1)
  12   1        {
  13   2          if( p_flag == 1 )
  14   2          {
  15   3            printf("hello world \r\n");
  16   3            p_flag = 0;
  17   3          }
  18   2          printf("ggg\r\n");
  19   2          sys_delay_about_ms(1000);
  20   2        }
  21   1      }


MODULE INFORMATION:   STATIC OVERLAYABLE
   CODE SIZE        =     62    ----
   CONSTANT SIZE    =     21    ----
   XDATA SIZE       =   ----    ----
   PDATA SIZE       =   ----    ----
   DATA SIZE        =   ----    ----
   IDATA SIZE       =   ----    ----
   BIT SIZE         =   ----    ----
   EDATA SIZE       =   ----    ----
   HDATA SIZE       =   ----    ----
   XDATA CONST SIZE =   ----    ----
   FAR CONST SIZE   =   ----    ----
END OF MODULE INFORMATION.


C51 COMPILATION COMPLETE.  0 WARNING(S),  0 ERROR(S)
