C51 COMPILER V9.60.7.0   UART                                                              08/21/2025 22:03:12 PAGE 1   


C51 COMPILER V9.60.7.0, COMPILATION OF MODULE UART
OBJECT MODULE PLACED IN ..\Output\uart.obj
COMPILER INVOKED BY: D:\APP\KEIL\MDK\C51\BIN\C51.EXE ..\HANDWARE\uart.c LARGE OMF2 OPTIMIZE(3,SIZE) BROWSE INCDIR(..\USE
                    -R;..\HANDWARE) DEBUG PRINT(.\Listings\uart.lst) TABS(2) OBJECT(..\Output\uart.obj)

line level    source

   1          #include "uart.h"
   2          
   3          u8 p_flag;
   4          
   5          void Uart2_Init( u32 baud )
   6          {
   7   1          MUX_SEL |= 0X40;        //[6] = 1 时，IO口 P0.4、P0.5作为uart2接口
   8   1      
   9   1          P0MDOUT &= 0XCF;        //P0口输出配置
  10   1          P0MDOUT |= 0X10;        //P0.4输出开启，P0.5输出关闭
  11   1      
  12   1          SCON0 = 0x50;           //uart2控制接口，SM1 = 1, REN0 = 1;
  13   1          ADCON = 0x80;           //波特率发生器选择  0x00=T1 定时器，0x80=使用 SREL0H:L。
  14   1          PCON &= 0x7f;           //[7] = 1 时，波特率倍频 为0则不倍频
  15   1      
  16   1          baud = 1024 - (u16)(3225600.0f/baud);
  17   1      
  18   1          SREL0H = (u8)(baud>>8);
  19   1          SREL0L = (u8)baud;
  20   1      
  21   1          ES0 = 1;                //uart2 中断开启
  22   1          EA  = 1;                //总中断开关
  23   1      }
  24          
  25          void Tim0_Init( void )
  26          {
  27   1          TMOD &= 0xfc;
  28   1          TMOD |= 0x01;
  29   1      
  30   1      
  31   1          ET0 = 1;
  32   1          EA = 1;
  33   1          TR0 = 1;
  34   1      }
  35          
  36          void Tim0_Isr( void ) interrupt 1
  37          {
  38   1          static idata u16 delay_cnt = 0;
  39   1      
  40   1          TH0 = (u8)(T0_PERIOD_1MS>>8);
  41   1          TL0 = (u8)T0_PERIOD_1MS;
  42   1      
  43   1          delay_cnt++;
  44   1      
  45   1          if(delay_cnt == 1000)
  46   1          {
  47   2              p_flag = 1;
  48   2              delay_cnt = 0;
  49   2          }
  50   1      }
  51          
  52          void uart2_send_byte( u8 byte )
  53          {
  54   1          ES0 = 0;
C51 COMPILER V9.60.7.0   UART                                                              08/21/2025 22:03:12 PAGE 2   

  55   1          SBUF0 = byte;
  56   1          while (!TI0);
  57   1          TI0 = 0;
  58   1          ES0 = 1;
  59   1      }
  60          
  61          void uart2_send_str( u8 *str,u16 len )
  62          {
  63   1          u16 i;
  64   1      
  65   1          for(i=0;i<len;i++)
  66   1          {
  67   2              uart2_send_byte(str[i]);
  68   2          }
  69   1      }
  70          
  71          char putchar(char c)
  72          {
  73   1          uart2_send_byte(c);
  74   1          return c;
  75   1      }


MODULE INFORMATION:   STATIC OVERLAYABLE
   CODE SIZE        =    291    ----
   CONSTANT SIZE    =   ----    ----
   XDATA SIZE       =      1      13
   PDATA SIZE       =   ----    ----
   DATA SIZE        =   ----    ----
   IDATA SIZE       =      2    ----
   BIT SIZE         =   ----    ----
   EDATA SIZE       =   ----    ----
   HDATA SIZE       =   ----    ----
   XDATA CONST SIZE =   ----    ----
   FAR CONST SIZE   =   ----    ----
END OF MODULE INFORMATION.


C51 COMPILATION COMPLETE.  0 WARNING(S),  0 ERROR(S)
